<?xml version="1.0" encoding="UTF-8"?>
<testsuite xmlns:xsi="http://www.w3.org/2001/XMLSchema-instance" xsi:noNamespaceSchemaLocation="https://maven.apache.org/surefire/maven-surefire-plugin/xsd/surefire-test-report.xsd" name="com.accolite.intersys.IntersysApplicationTests" time="32.811" tests="1" errors="0" skipped="0" failures="0">
  <properties>
    <property name="java.specification.version" value="15"/>
    <property name="sun.jnu.encoding" value="UTF-8"/>
    <property name="java.class.path" value="/Users/madhav.palagani/Documents/workspace-spring-tool-suite-4-4.9.0.RELEASE/intersys/target/test-classes:/Users/madhav.palagani/Documents/workspace-spring-tool-suite-4-4.9.0.RELEASE/intersys/target/classes:/Users/madhav.palagani/.m2/repository/org/springframework/boot/spring-boot-starter-jdbc/2.4.3/spring-boot-starter-jdbc-2.4.3.jar:/Users/madhav.palagani/.m2/repository/org/springframework/boot/spring-boot-starter/2.4.3/spring-boot-starter-2.4.3.jar:/Users/madhav.palagani/.m2/repository/org/springframework/boot/spring-boot/2.4.3/spring-boot-2.4.3.jar:/Users/madhav.palagani/.m2/repository/org/springframework/boot/spring-boot-autoconfigure/2.4.3/spring-boot-autoconfigure-2.4.3.jar:/Users/madhav.palagani/.m2/repository/org/springframework/boot/spring-boot-starter-logging/2.4.3/spring-boot-starter-logging-2.4.3.jar:/Users/madhav.palagani/.m2/repository/ch/qos/logback/logback-classic/1.2.3/logback-classic-1.2.3.jar:/Users/madhav.palagani/.m2/repository/ch/qos/logback/logback-core/1.2.3/logback-core-1.2.3.jar:/Users/madhav.palagani/.m2/repository/org/apache/logging/log4j/log4j-to-slf4j/2.13.3/log4j-to-slf4j-2.13.3.jar:/Users/madhav.palagani/.m2/repository/org/apache/logging/log4j/log4j-api/2.13.3/log4j-api-2.13.3.jar:/Users/madhav.palagani/.m2/repository/org/slf4j/jul-to-slf4j/1.7.30/jul-to-slf4j-1.7.30.jar:/Users/madhav.palagani/.m2/repository/jakarta/annotation/jakarta.annotation-api/1.3.5/jakarta.annotation-api-1.3.5.jar:/Users/madhav.palagani/.m2/repository/org/yaml/snakeyaml/1.27/snakeyaml-1.27.jar:/Users/madhav.palagani/.m2/repository/com/zaxxer/HikariCP/3.4.5/HikariCP-3.4.5.jar:/Users/madhav.palagani/.m2/repository/org/slf4j/slf4j-api/1.7.30/slf4j-api-1.7.30.jar:/Users/madhav.palagani/.m2/repository/org/springframework/spring-jdbc/5.3.4/spring-jdbc-5.3.4.jar:/Users/madhav.palagani/.m2/repository/org/springframework/spring-beans/5.3.4/spring-beans-5.3.4.jar:/Users/madhav.palagani/.m2/repository/org/springframework/spring-tx/5.3.4/spring-tx-5.3.4.jar:/Users/madhav.palagani/.m2/repository/org/springframework/boot/spring-boot-starter-web/2.4.3/spring-boot-starter-web-2.4.3.jar:/Users/madhav.palagani/.m2/repository/org/springframework/boot/spring-boot-starter-json/2.4.3/spring-boot-starter-json-2.4.3.jar:/Users/madhav.palagani/.m2/repository/com/fasterxml/jackson/core/jackson-databind/2.11.4/jackson-databind-2.11.4.jar:/Users/madhav.palagani/.m2/repository/com/fasterxml/jackson/core/jackson-annotations/2.11.4/jackson-annotations-2.11.4.jar:/Users/madhav.palagani/.m2/repository/com/fasterxml/jackson/core/jackson-core/2.11.4/jackson-core-2.11.4.jar:/Users/madhav.palagani/.m2/repository/com/fasterxml/jackson/datatype/jackson-datatype-jdk8/2.11.4/jackson-datatype-jdk8-2.11.4.jar:/Users/madhav.palagani/.m2/repository/com/fasterxml/jackson/datatype/jackson-datatype-jsr310/2.11.4/jackson-datatype-jsr310-2.11.4.jar:/Users/madhav.palagani/.m2/repository/com/fasterxml/jackson/module/jackson-module-parameter-names/2.11.4/jackson-module-parameter-names-2.11.4.jar:/Users/madhav.palagani/.m2/repository/org/springframework/boot/spring-boot-starter-tomcat/2.4.3/spring-boot-starter-tomcat-2.4.3.jar:/Users/madhav.palagani/.m2/repository/org/apache/tomcat/embed/tomcat-embed-core/9.0.43/tomcat-embed-core-9.0.43.jar:/Users/madhav.palagani/.m2/repository/org/glassfish/jakarta.el/3.0.3/jakarta.el-3.0.3.jar:/Users/madhav.palagani/.m2/repository/org/apache/tomcat/embed/tomcat-embed-websocket/9.0.43/tomcat-embed-websocket-9.0.43.jar:/Users/madhav.palagani/.m2/repository/org/springframework/spring-web/5.3.4/spring-web-5.3.4.jar:/Users/madhav.palagani/.m2/repository/org/springframework/spring-webmvc/5.3.4/spring-webmvc-5.3.4.jar:/Users/madhav.palagani/.m2/repository/org/springframework/spring-expression/5.3.4/spring-expression-5.3.4.jar:/Users/madhav.palagani/.m2/repository/org/springframework/boot/spring-boot-starter-security/2.4.3/spring-boot-starter-security-2.4.3.jar:/Users/madhav.palagani/.m2/repository/org/springframework/spring-aop/5.3.4/spring-aop-5.3.4.jar:/Users/madhav.palagani/.m2/repository/org/springframework/security/spring-security-config/5.4.5/spring-security-config-5.4.5.jar:/Users/madhav.palagani/.m2/repository/org/springframework/security/spring-security-core/5.4.5/spring-security-core-5.4.5.jar:/Users/madhav.palagani/.m2/repository/org/springframework/security/spring-security-web/5.4.5/spring-security-web-5.4.5.jar:/Users/madhav.palagani/.m2/repository/org/springframework/boot/spring-boot-starter-mail/2.4.3/spring-boot-starter-mail-2.4.3.jar:/Users/madhav.palagani/.m2/repository/org/springframework/spring-context-support/5.3.4/spring-context-support-5.3.4.jar:/Users/madhav.palagani/.m2/repository/com/sun/mail/jakarta.mail/1.6.5/jakarta.mail-1.6.5.jar:/Users/madhav.palagani/.m2/repository/com/sun/activation/jakarta.activation/1.2.2/jakarta.activation-1.2.2.jar:/Users/madhav.palagani/.m2/repository/org/sonarsource/scanner/maven/sonar-maven-plugin/3.8.0.2131/sonar-maven-plugin-3.8.0.2131.jar:/Users/madhav.palagani/.m2/repository/org/sonatype/plexus/plexus-sec-dispatcher/1.4/plexus-sec-dispatcher-1.4.jar:/Users/madhav.palagani/.m2/repository/org/sonatype/plexus/plexus-cipher/1.4/plexus-cipher-1.4.jar:/Users/madhav.palagani/.m2/repository/org/codehaus/plexus/plexus-utils/3.2.1/plexus-utils-3.2.1.jar:/Users/madhav.palagani/.m2/repository/org/sonarsource/scanner/api/sonar-scanner-api/2.16.0.226/sonar-scanner-api-2.16.0.226.jar:/Users/madhav.palagani/.m2/repository/commons-lang/commons-lang/2.6/commons-lang-2.6.jar:/Users/madhav.palagani/.m2/repository/org/springframework/session/spring-session-core/2.4.2/spring-session-core-2.4.2.jar:/Users/madhav.palagani/.m2/repository/org/springframework/spring-jcl/5.3.4/spring-jcl-5.3.4.jar:/Users/madhav.palagani/.m2/repository/org/springframework/session/spring-session-jdbc/2.4.2/spring-session-jdbc-2.4.2.jar:/Users/madhav.palagani/.m2/repository/org/springframework/spring-context/5.3.4/spring-context-5.3.4.jar:/Users/madhav.palagani/.m2/repository/org/springframework/boot/spring-boot-starter-websocket/2.4.3/spring-boot-starter-websocket-2.4.3.jar:/Users/madhav.palagani/.m2/repository/org/springframework/spring-messaging/5.3.4/spring-messaging-5.3.4.jar:/Users/madhav.palagani/.m2/repository/org/springframework/spring-websocket/5.3.4/spring-websocket-5.3.4.jar:/Users/madhav.palagani/.m2/repository/mysql/mysql-connector-java/8.0.23/mysql-connector-java-8.0.23.jar:/Users/madhav.palagani/.m2/repository/org/springframework/boot/spring-boot-starter-test/2.4.3/spring-boot-starter-test-2.4.3.jar:/Users/madhav.palagani/.m2/repository/org/springframework/boot/spring-boot-test/2.4.3/spring-boot-test-2.4.3.jar:/Users/madhav.palagani/.m2/repository/org/springframework/boot/spring-boot-test-autoconfigure/2.4.3/spring-boot-test-autoconfigure-2.4.3.jar:/Users/madhav.palagani/.m2/repository/com/jayway/jsonpath/json-path/2.4.0/json-path-2.4.0.jar:/Users/madhav.palagani/.m2/repository/net/minidev/json-smart/2.3/json-smart-2.3.jar:/Users/madhav.palagani/.m2/repository/net/minidev/accessors-smart/1.2/accessors-smart-1.2.jar:/Users/madhav.palagani/.m2/repository/org/ow2/asm/asm/5.0.4/asm-5.0.4.jar:/Users/madhav.palagani/.m2/repository/jakarta/xml/bind/jakarta.xml.bind-api/2.3.3/jakarta.xml.bind-api-2.3.3.jar:/Users/madhav.palagani/.m2/repository/jakarta/activation/jakarta.activation-api/1.2.2/jakarta.activation-api-1.2.2.jar:/Users/madhav.palagani/.m2/repository/org/assertj/assertj-core/3.18.1/assertj-core-3.18.1.jar:/Users/madhav.palagani/.m2/repository/org/hamcrest/hamcrest/2.2/hamcrest-2.2.jar:/Users/madhav.palagani/.m2/repository/org/junit/jupiter/junit-jupiter/5.7.1/junit-jupiter-5.7.1.jar:/Users/madhav.palagani/.m2/repository/org/junit/jupiter/junit-jupiter-api/5.7.1/junit-jupiter-api-5.7.1.jar:/Users/madhav.palagani/.m2/repository/org/apiguardian/apiguardian-api/1.1.0/apiguardian-api-1.1.0.jar:/Users/madhav.palagani/.m2/repository/org/opentest4j/opentest4j/1.2.0/opentest4j-1.2.0.jar:/Users/madhav.palagani/.m2/repository/org/junit/platform/junit-platform-commons/1.7.1/junit-platform-commons-1.7.1.jar:/Users/madhav.palagani/.m2/repository/org/junit/jupiter/junit-jupiter-params/5.7.1/junit-jupiter-params-5.7.1.jar:/Users/madhav.palagani/.m2/repository/org/junit/jupiter/junit-jupiter-engine/5.7.1/junit-jupiter-engine-5.7.1.jar:/Users/madhav.palagani/.m2/repository/org/junit/platform/junit-platform-engine/1.7.1/junit-platform-engine-1.7.1.jar:/Users/madhav.palagani/.m2/repository/org/mockito/mockito-core/3.6.28/mockito-core-3.6.28.jar:/Users/madhav.palagani/.m2/repository/net/bytebuddy/byte-buddy/1.10.20/byte-buddy-1.10.20.jar:/Users/madhav.palagani/.m2/repository/net/bytebuddy/byte-buddy-agent/1.10.20/byte-buddy-agent-1.10.20.jar:/Users/madhav.palagani/.m2/repository/org/objenesis/objenesis/3.1/objenesis-3.1.jar:/Users/madhav.palagani/.m2/repository/org/mockito/mockito-junit-jupiter/3.6.28/mockito-junit-jupiter-3.6.28.jar:/Users/madhav.palagani/.m2/repository/org/skyscreamer/jsonassert/1.5.0/jsonassert-1.5.0.jar:/Users/madhav.palagani/.m2/repository/com/vaadin/external/google/android-json/0.0.20131108.vaadin1/android-json-0.0.20131108.vaadin1.jar:/Users/madhav.palagani/.m2/repository/org/springframework/spring-core/5.3.4/spring-core-5.3.4.jar:/Users/madhav.palagani/.m2/repository/org/springframework/spring-test/5.3.4/spring-test-5.3.4.jar:/Users/madhav.palagani/.m2/repository/org/xmlunit/xmlunit-core/2.7.0/xmlunit-core-2.7.0.jar:"/>
    <property name="java.vm.vendor" value="Oracle Corporation"/>
    <property name="sun.arch.data.model" value="64"/>
    <property name="java.vendor.url" value="https://java.oracle.com/"/>
    <property name="os.name" value="Mac OS X"/>
    <property name="java.vm.specification.version" value="15"/>
    <property name="sun.java.launcher" value="SUN_STANDARD"/>
    <property name="user.country" value="GB"/>
    <property name="sun.boot.library.path" value="/Applications/SpringToolSuite4.app/Contents/Eclipse/plugins/org.eclipse.justj.openjdk.hotspot.jre.full.macosx.x86_64_15.0.1.v20201027-0507/jre/lib"/>
    <property name="sun.java.command" value="/Users/madhav.palagani/Documents/workspace-spring-tool-suite-4-4.9.0.RELEASE/intersys/target/surefire/surefirebooter9433802693741915888.jar /Users/madhav.palagani/Documents/workspace-spring-tool-suite-4-4.9.0.RELEASE/intersys/target/surefire 2021-03-11T12-34-55_026-jvmRun1 surefire6579750038942987145tmp surefire_06090885047168942420tmp"/>
    <property name="http.nonProxyHosts" value="local|*.local|169.254/16|*.169.254/16"/>
    <property name="jdk.debug" value="release"/>
    <property name="surefire.test.class.path" value="/Users/madhav.palagani/Documents/workspace-spring-tool-suite-4-4.9.0.RELEASE/intersys/target/test-classes:/Users/madhav.palagani/Documents/workspace-spring-tool-suite-4-4.9.0.RELEASE/intersys/target/classes:/Users/madhav.palagani/.m2/repository/org/springframework/boot/spring-boot-starter-jdbc/2.4.3/spring-boot-starter-jdbc-2.4.3.jar:/Users/madhav.palagani/.m2/repository/org/springframework/boot/spring-boot-starter/2.4.3/spring-boot-starter-2.4.3.jar:/Users/madhav.palagani/.m2/repository/org/springframework/boot/spring-boot/2.4.3/spring-boot-2.4.3.jar:/Users/madhav.palagani/.m2/repository/org/springframework/boot/spring-boot-autoconfigure/2.4.3/spring-boot-autoconfigure-2.4.3.jar:/Users/madhav.palagani/.m2/repository/org/springframework/boot/spring-boot-starter-logging/2.4.3/spring-boot-starter-logging-2.4.3.jar:/Users/madhav.palagani/.m2/repository/ch/qos/logback/logback-classic/1.2.3/logback-classic-1.2.3.jar:/Users/madhav.palagani/.m2/repository/ch/qos/logback/logback-core/1.2.3/logback-core-1.2.3.jar:/Users/madhav.palagani/.m2/repository/org/apache/logging/log4j/log4j-to-slf4j/2.13.3/log4j-to-slf4j-2.13.3.jar:/Users/madhav.palagani/.m2/repository/org/apache/logging/log4j/log4j-api/2.13.3/log4j-api-2.13.3.jar:/Users/madhav.palagani/.m2/repository/org/slf4j/jul-to-slf4j/1.7.30/jul-to-slf4j-1.7.30.jar:/Users/madhav.palagani/.m2/repository/jakarta/annotation/jakarta.annotation-api/1.3.5/jakarta.annotation-api-1.3.5.jar:/Users/madhav.palagani/.m2/repository/org/yaml/snakeyaml/1.27/snakeyaml-1.27.jar:/Users/madhav.palagani/.m2/repository/com/zaxxer/HikariCP/3.4.5/HikariCP-3.4.5.jar:/Users/madhav.palagani/.m2/repository/org/slf4j/slf4j-api/1.7.30/slf4j-api-1.7.30.jar:/Users/madhav.palagani/.m2/repository/org/springframework/spring-jdbc/5.3.4/spring-jdbc-5.3.4.jar:/Users/madhav.palagani/.m2/repository/org/springframework/spring-beans/5.3.4/spring-beans-5.3.4.jar:/Users/madhav.palagani/.m2/repository/org/springframework/spring-tx/5.3.4/spring-tx-5.3.4.jar:/Users/madhav.palagani/.m2/repository/org/springframework/boot/spring-boot-starter-web/2.4.3/spring-boot-starter-web-2.4.3.jar:/Users/madhav.palagani/.m2/repository/org/springframework/boot/spring-boot-starter-json/2.4.3/spring-boot-starter-json-2.4.3.jar:/Users/madhav.palagani/.m2/repository/com/fasterxml/jackson/core/jackson-databind/2.11.4/jackson-databind-2.11.4.jar:/Users/madhav.palagani/.m2/repository/com/fasterxml/jackson/core/jackson-annotations/2.11.4/jackson-annotations-2.11.4.jar:/Users/madhav.palagani/.m2/repository/com/fasterxml/jackson/core/jackson-core/2.11.4/jackson-core-2.11.4.jar:/Users/madhav.palagani/.m2/repository/com/fasterxml/jackson/datatype/jackson-datatype-jdk8/2.11.4/jackson-datatype-jdk8-2.11.4.jar:/Users/madhav.palagani/.m2/repository/com/fasterxml/jackson/datatype/jackson-datatype-jsr310/2.11.4/jackson-datatype-jsr310-2.11.4.jar:/Users/madhav.palagani/.m2/repository/com/fasterxml/jackson/module/jackson-module-parameter-names/2.11.4/jackson-module-parameter-names-2.11.4.jar:/Users/madhav.palagani/.m2/repository/org/springframework/boot/spring-boot-starter-tomcat/2.4.3/spring-boot-starter-tomcat-2.4.3.jar:/Users/madhav.palagani/.m2/repository/org/apache/tomcat/embed/tomcat-embed-core/9.0.43/tomcat-embed-core-9.0.43.jar:/Users/madhav.palagani/.m2/repository/org/glassfish/jakarta.el/3.0.3/jakarta.el-3.0.3.jar:/Users/madhav.palagani/.m2/repository/org/apache/tomcat/embed/tomcat-embed-websocket/9.0.43/tomcat-embed-websocket-9.0.43.jar:/Users/madhav.palagani/.m2/repository/org/springframework/spring-web/5.3.4/spring-web-5.3.4.jar:/Users/madhav.palagani/.m2/repository/org/springframework/spring-webmvc/5.3.4/spring-webmvc-5.3.4.jar:/Users/madhav.palagani/.m2/repository/org/springframework/spring-expression/5.3.4/spring-expression-5.3.4.jar:/Users/madhav.palagani/.m2/repository/org/springframework/boot/spring-boot-starter-security/2.4.3/spring-boot-starter-security-2.4.3.jar:/Users/madhav.palagani/.m2/repository/org/springframework/spring-aop/5.3.4/spring-aop-5.3.4.jar:/Users/madhav.palagani/.m2/repository/org/springframework/security/spring-security-config/5.4.5/spring-security-config-5.4.5.jar:/Users/madhav.palagani/.m2/repository/org/springframework/security/spring-security-core/5.4.5/spring-security-core-5.4.5.jar:/Users/madhav.palagani/.m2/repository/org/springframework/security/spring-security-web/5.4.5/spring-security-web-5.4.5.jar:/Users/madhav.palagani/.m2/repository/org/springframework/boot/spring-boot-starter-mail/2.4.3/spring-boot-starter-mail-2.4.3.jar:/Users/madhav.palagani/.m2/repository/org/springframework/spring-context-support/5.3.4/spring-context-support-5.3.4.jar:/Users/madhav.palagani/.m2/repository/com/sun/mail/jakarta.mail/1.6.5/jakarta.mail-1.6.5.jar:/Users/madhav.palagani/.m2/repository/com/sun/activation/jakarta.activation/1.2.2/jakarta.activation-1.2.2.jar:/Users/madhav.palagani/.m2/repository/org/sonarsource/scanner/maven/sonar-maven-plugin/3.8.0.2131/sonar-maven-plugin-3.8.0.2131.jar:/Users/madhav.palagani/.m2/repository/org/sonatype/plexus/plexus-sec-dispatcher/1.4/plexus-sec-dispatcher-1.4.jar:/Users/madhav.palagani/.m2/repository/org/sonatype/plexus/plexus-cipher/1.4/plexus-cipher-1.4.jar:/Users/madhav.palagani/.m2/repository/org/codehaus/plexus/plexus-utils/3.2.1/plexus-utils-3.2.1.jar:/Users/madhav.palagani/.m2/repository/org/sonarsource/scanner/api/sonar-scanner-api/2.16.0.226/sonar-scanner-api-2.16.0.226.jar:/Users/madhav.palagani/.m2/repository/commons-lang/commons-lang/2.6/commons-lang-2.6.jar:/Users/madhav.palagani/.m2/repository/org/springframework/session/spring-session-core/2.4.2/spring-session-core-2.4.2.jar:/Users/madhav.palagani/.m2/repository/org/springframework/spring-jcl/5.3.4/spring-jcl-5.3.4.jar:/Users/madhav.palagani/.m2/repository/org/springframework/session/spring-session-jdbc/2.4.2/spring-session-jdbc-2.4.2.jar:/Users/madhav.palagani/.m2/repository/org/springframework/spring-context/5.3.4/spring-context-5.3.4.jar:/Users/madhav.palagani/.m2/repository/org/springframework/boot/spring-boot-starter-websocket/2.4.3/spring-boot-starter-websocket-2.4.3.jar:/Users/madhav.palagani/.m2/repository/org/springframework/spring-messaging/5.3.4/spring-messaging-5.3.4.jar:/Users/madhav.palagani/.m2/repository/org/springframework/spring-websocket/5.3.4/spring-websocket-5.3.4.jar:/Users/madhav.palagani/.m2/repository/mysql/mysql-connector-java/8.0.23/mysql-connector-java-8.0.23.jar:/Users/madhav.palagani/.m2/repository/org/springframework/boot/spring-boot-starter-test/2.4.3/spring-boot-starter-test-2.4.3.jar:/Users/madhav.palagani/.m2/repository/org/springframework/boot/spring-boot-test/2.4.3/spring-boot-test-2.4.3.jar:/Users/madhav.palagani/.m2/repository/org/springframework/boot/spring-boot-test-autoconfigure/2.4.3/spring-boot-test-autoconfigure-2.4.3.jar:/Users/madhav.palagani/.m2/repository/com/jayway/jsonpath/json-path/2.4.0/json-path-2.4.0.jar:/Users/madhav.palagani/.m2/repository/net/minidev/json-smart/2.3/json-smart-2.3.jar:/Users/madhav.palagani/.m2/repository/net/minidev/accessors-smart/1.2/accessors-smart-1.2.jar:/Users/madhav.palagani/.m2/repository/org/ow2/asm/asm/5.0.4/asm-5.0.4.jar:/Users/madhav.palagani/.m2/repository/jakarta/xml/bind/jakarta.xml.bind-api/2.3.3/jakarta.xml.bind-api-2.3.3.jar:/Users/madhav.palagani/.m2/repository/jakarta/activation/jakarta.activation-api/1.2.2/jakarta.activation-api-1.2.2.jar:/Users/madhav.palagani/.m2/repository/org/assertj/assertj-core/3.18.1/assertj-core-3.18.1.jar:/Users/madhav.palagani/.m2/repository/org/hamcrest/hamcrest/2.2/hamcrest-2.2.jar:/Users/madhav.palagani/.m2/repository/org/junit/jupiter/junit-jupiter/5.7.1/junit-jupiter-5.7.1.jar:/Users/madhav.palagani/.m2/repository/org/junit/jupiter/junit-jupiter-api/5.7.1/junit-jupiter-api-5.7.1.jar:/Users/madhav.palagani/.m2/repository/org/apiguardian/apiguardian-api/1.1.0/apiguardian-api-1.1.0.jar:/Users/madhav.palagani/.m2/repository/org/opentest4j/opentest4j/1.2.0/opentest4j-1.2.0.jar:/Users/madhav.palagani/.m2/repository/org/junit/platform/junit-platform-commons/1.7.1/junit-platform-commons-1.7.1.jar:/Users/madhav.palagani/.m2/repository/org/junit/jupiter/junit-jupiter-params/5.7.1/junit-jupiter-params-5.7.1.jar:/Users/madhav.palagani/.m2/repository/org/junit/jupiter/junit-jupiter-engine/5.7.1/junit-jupiter-engine-5.7.1.jar:/Users/madhav.palagani/.m2/repository/org/junit/platform/junit-platform-engine/1.7.1/junit-platform-engine-1.7.1.jar:/Users/madhav.palagani/.m2/repository/org/mockito/mockito-core/3.6.28/mockito-core-3.6.28.jar:/Users/madhav.palagani/.m2/repository/net/bytebuddy/byte-buddy/1.10.20/byte-buddy-1.10.20.jar:/Users/madhav.palagani/.m2/repository/net/bytebuddy/byte-buddy-agent/1.10.20/byte-buddy-agent-1.10.20.jar:/Users/madhav.palagani/.m2/repository/org/objenesis/objenesis/3.1/objenesis-3.1.jar:/Users/madhav.palagani/.m2/repository/org/mockito/mockito-junit-jupiter/3.6.28/mockito-junit-jupiter-3.6.28.jar:/Users/madhav.palagani/.m2/repository/org/skyscreamer/jsonassert/1.5.0/jsonassert-1.5.0.jar:/Users/madhav.palagani/.m2/repository/com/vaadin/external/google/android-json/0.0.20131108.vaadin1/android-json-0.0.20131108.vaadin1.jar:/Users/madhav.palagani/.m2/repository/org/springframework/spring-core/5.3.4/spring-core-5.3.4.jar:/Users/madhav.palagani/.m2/repository/org/springframework/spring-test/5.3.4/spring-test-5.3.4.jar:/Users/madhav.palagani/.m2/repository/org/xmlunit/xmlunit-core/2.7.0/xmlunit-core-2.7.0.jar:"/>
    <property name="sun.cpu.endian" value="little"/>
    <property name="user.home" value="/Users/madhav.palagani"/>
    <property name="user.language" value="en"/>
    <property name="java.specification.vendor" value="Oracle Corporation"/>
    <property name="java.version.date" value="2020-10-20"/>
    <property name="java.home" value="/Applications/SpringToolSuite4.app/Contents/Eclipse/plugins/org.eclipse.justj.openjdk.hotspot.jre.full.macosx.x86_64_15.0.1.v20201027-0507/jre"/>
    <property name="file.separator" value="/"/>
    <property name="style.color" value="always"/>
    <property name="basedir" value="/Users/madhav.palagani/Documents/workspace-spring-tool-suite-4-4.9.0.RELEASE/intersys"/>
    <property name="java.vm.compressedOopsMode" value="Zero based"/>
    <property name="line.separator" value="&#10;"/>
    <property name="java.specification.name" value="Java Platform API Specification"/>
    <property name="java.vm.specification.vendor" value="Oracle Corporation"/>
    <property name="surefire.real.class.path" value="/Users/madhav.palagani/Documents/workspace-spring-tool-suite-4-4.9.0.RELEASE/intersys/target/surefire/surefirebooter9433802693741915888.jar"/>
    <property name="sun.management.compiler" value="HotSpot 64-Bit Tiered Compilers"/>
    <property name="ftp.nonProxyHosts" value="local|*.local|169.254/16|*.169.254/16"/>
    <property name="java.runtime.version" value="15.0.1+9-18"/>
    <property name="user.name" value="madhav.palagani"/>
    <property name="path.separator" value=":"/>
    <property name="os.version" value="10.16"/>
    <property name="java.runtime.name" value="OpenJDK Runtime Environment"/>
    <property name="file.encoding" value="UTF-8"/>
    <property name="java.vm.name" value="OpenJDK 64-Bit Server VM"/>
    <property name="localRepository" value="/Users/madhav.palagani/.m2/repository"/>
    <property name="java.vendor.url.bug" value="https://bugreport.java.com/bugreport/"/>
    <property name="java.io.tmpdir" value="/var/folders/jc/p5r83qgs53g96c3z6c0z9d4m0000gn/T/"/>
    <property name="java.version" value="15.0.1"/>
    <property name="user.dir" value="/Users/madhav.palagani/Documents/workspace-spring-tool-suite-4-4.9.0.RELEASE/intersys"/>
    <property name="os.arch" value="x86_64"/>
    <property name="java.vm.specification.name" value="Java Virtual Machine Specification"/>
    <property name="java.library.path" value="/Users/madhav.palagani/Library/Java/Extensions:/Library/Java/Extensions:/Network/Library/Java/Extensions:/System/Library/Java/Extensions:/usr/lib/java:."/>
    <property name="java.vm.info" value="mixed mode"/>
    <property name="java.vendor" value="Oracle Corporation"/>
    <property name="java.vm.version" value="15.0.1+9-18"/>
    <property name="sun.io.unicode.encoding" value="UnicodeBig"/>
    <property name="socksNonProxyHosts" value="local|*.local|169.254/16|*.169.254/16"/>
    <property name="java.class.version" value="59.0"/>
  </properties>
  <testcase name="contextLoads" classname="com.accolite.intersys.IntersysApplicationTests" time="2.073"/>
</testsuite>